This is pdfTeX, Version 3.141592653-2.6-1.40.22 (TeX Live 2021) (preloaded format=pdflatex 2021.9.29)  29 NOV 2021 14:43
entering extended mode
 restricted \write18 enabled.
 file:line:error style messages enabled.
 %&-line parsing enabled.
**/Users/yinnnyou/workspace/IdeaProjects/coen_6311_assignment1/doc/report2/main.tex
(/Users/yinnnyou/workspace/IdeaProjects/coen_6311_assignment1/doc/report2/main.tex
LaTeX2e <2020-10-01> patch level 4
L3 programming layer <2021-02-18> (/usr/local/texlive/2021/texmf-dist/tex/latex/IEEEtran/IEEEtran.cls
Document Class: IEEEtran 2015/08/26 V1.8b by Michael Shell
-- See the "IEEEtran_HOWTO" manual for usage information.
-- http://www.michaelshell.org/tex/ieeetran/
\@IEEEtrantmpdimenA=\dimen138
\@IEEEtrantmpdimenB=\dimen139
\@IEEEtrantmpdimenC=\dimen140
\@IEEEtrantmpcountA=\count179
\@IEEEtrantmpcountB=\count180
\@IEEEtrantmpcountC=\count181
\@IEEEtrantmptoksA=\toks15
LaTeX Font Info:    Trying to load font information for OT1+ptm on input line 503.
(/usr/local/texlive/2021/texmf-dist/tex/latex/psnfss/ot1ptm.fd
File: ot1ptm.fd 2001/06/04 font definitions for OT1/ptm.
)
-- Using 8.5in x 11in (letter) paper.
-- Using PDF output.
\@IEEEnormalsizeunitybaselineskip=\dimen141
-- This is a 10 point document.
\CLASSINFOnormalsizebaselineskip=\dimen142
\CLASSINFOnormalsizeunitybaselineskip=\dimen143
\IEEEnormaljot=\dimen144
LaTeX Font Info:    Font shape `OT1/ptm/bx/n' in size <5> not available
(Font)              Font shape `OT1/ptm/b/n' tried instead on input line 1090.
LaTeX Font Info:    Font shape `OT1/ptm/bx/it' in size <5> not available
(Font)              Font shape `OT1/ptm/b/it' tried instead on input line 1090.
LaTeX Font Info:    Font shape `OT1/ptm/bx/n' in size <7> not available
(Font)              Font shape `OT1/ptm/b/n' tried instead on input line 1090.
LaTeX Font Info:    Font shape `OT1/ptm/bx/it' in size <7> not available
(Font)              Font shape `OT1/ptm/b/it' tried instead on input line 1090.
LaTeX Font Info:    Font shape `OT1/ptm/bx/n' in size <8> not available
(Font)              Font shape `OT1/ptm/b/n' tried instead on input line 1090.
LaTeX Font Info:    Font shape `OT1/ptm/bx/it' in size <8> not available
(Font)              Font shape `OT1/ptm/b/it' tried instead on input line 1090.
LaTeX Font Info:    Font shape `OT1/ptm/bx/n' in size <9> not available
(Font)              Font shape `OT1/ptm/b/n' tried instead on input line 1090.
LaTeX Font Info:    Font shape `OT1/ptm/bx/it' in size <9> not available
(Font)              Font shape `OT1/ptm/b/it' tried instead on input line 1090.
LaTeX Font Info:    Font shape `OT1/ptm/bx/n' in size <10> not available
(Font)              Font shape `OT1/ptm/b/n' tried instead on input line 1090.
LaTeX Font Info:    Font shape `OT1/ptm/bx/it' in size <10> not available
(Font)              Font shape `OT1/ptm/b/it' tried instead on input line 1090.
LaTeX Font Info:    Font shape `OT1/ptm/bx/n' in size <11> not available
(Font)              Font shape `OT1/ptm/b/n' tried instead on input line 1090.
LaTeX Font Info:    Font shape `OT1/ptm/bx/it' in size <11> not available
(Font)              Font shape `OT1/ptm/b/it' tried instead on input line 1090.
LaTeX Font Info:    Font shape `OT1/ptm/bx/n' in size <12> not available
(Font)              Font shape `OT1/ptm/b/n' tried instead on input line 1090.
LaTeX Font Info:    Font shape `OT1/ptm/bx/it' in size <12> not available
(Font)              Font shape `OT1/ptm/b/it' tried instead on input line 1090.
LaTeX Font Info:    Font shape `OT1/ptm/bx/n' in size <17> not available
(Font)              Font shape `OT1/ptm/b/n' tried instead on input line 1090.
LaTeX Font Info:    Font shape `OT1/ptm/bx/it' in size <17> not available
(Font)              Font shape `OT1/ptm/b/it' tried instead on input line 1090.
LaTeX Font Info:    Font shape `OT1/ptm/bx/n' in size <20> not available
(Font)              Font shape `OT1/ptm/b/n' tried instead on input line 1090.
LaTeX Font Info:    Font shape `OT1/ptm/bx/it' in size <20> not available
(Font)              Font shape `OT1/ptm/b/it' tried instead on input line 1090.
LaTeX Font Info:    Font shape `OT1/ptm/bx/n' in size <24> not available
(Font)              Font shape `OT1/ptm/b/n' tried instead on input line 1090.
LaTeX Font Info:    Font shape `OT1/ptm/bx/it' in size <24> not available
(Font)              Font shape `OT1/ptm/b/it' tried instead on input line 1090.
\IEEEquantizedlength=\dimen145
\IEEEquantizedlengthdiff=\dimen146
\IEEEquantizedtextheightdiff=\dimen147
\IEEEilabelindentA=\dimen148
\IEEEilabelindentB=\dimen149
\IEEEilabelindent=\dimen150
\IEEEelabelindent=\dimen151
\IEEEdlabelindent=\dimen152
\IEEElabelindent=\dimen153
\IEEEiednormlabelsep=\dimen154
\IEEEiedmathlabelsep=\dimen155
\IEEEiedtopsep=\skip47
\c@section=\count182
\c@subsection=\count183
\c@subsubsection=\count184
\c@paragraph=\count185
\c@IEEEsubequation=\count186
\abovecaptionskip=\skip48
\belowcaptionskip=\skip49
\c@figure=\count187
\c@table=\count188
\@IEEEeqnnumcols=\count189
\@IEEEeqncolcnt=\count190
\@IEEEsubeqnnumrollback=\count191
\@IEEEquantizeheightA=\dimen156
\@IEEEquantizeheightB=\dimen157
\@IEEEquantizeheightC=\dimen158
\@IEEEquantizeprevdepth=\dimen159
\@IEEEquantizemultiple=\count192
\@IEEEquantizeboxA=\box47
\@IEEEtmpitemindent=\dimen160
\IEEEPARstartletwidth=\dimen161
\c@IEEEbiography=\count193
\@IEEEtranrubishbin=\box48
) (/usr/local/texlive/2021/texmf-dist/tex/latex/graphics/graphicx.sty
Package: graphicx 2020/09/09 v1.2b Enhanced LaTeX Graphics (DPC,SPQR)
 (/usr/local/texlive/2021/texmf-dist/tex/latex/graphics/keyval.sty
Package: keyval 2014/10/28 v1.15 key=value parser (DPC)
\KV@toks@=\toks16
) (/usr/local/texlive/2021/texmf-dist/tex/latex/graphics/graphics.sty
Package: graphics 2020/08/30 v1.4c Standard LaTeX Graphics (DPC,SPQR)
 (/usr/local/texlive/2021/texmf-dist/tex/latex/graphics/trig.sty
Package: trig 2016/01/03 v1.10 sin cos tan (DPC)
) (/usr/local/texlive/2021/texmf-dist/tex/latex/graphics-cfg/graphics.cfg
File: graphics.cfg 2016/06/04 v1.11 sample graphics configuration
)
Package graphics Info: Driver file: pdftex.def on input line 105.
 (/usr/local/texlive/2021/texmf-dist/tex/latex/graphics-def/pdftex.def
File: pdftex.def 2020/10/05 v1.2a Graphics/color driver for pdftex
))
\Gin@req@height=\dimen162
\Gin@req@width=\dimen163
) (/usr/local/texlive/2021/texmf-dist/tex/latex/csquotes/csquotes.sty
Package: csquotes 2021-02-22 v5.2l context-sensitive quotations (JAW)
 (/usr/local/texlive/2021/texmf-dist/tex/latex/etoolbox/etoolbox.sty
Package: etoolbox 2020/10/05 v2.5k e-TeX tools for LaTeX (JAW)
\etb@tempcnta=\count194
)
\csq@reset=\count195
\csq@gtype=\count196
\csq@glevel=\count197
\csq@qlevel=\count198
\csq@maxlvl=\count199
\csq@tshold=\count266
\csq@ltx@everypar=\toks17
 (/usr/local/texlive/2021/texmf-dist/tex/latex/csquotes/csquotes.def
File: csquotes.def 2021-02-22 v5.2l csquotes generic definitions (JAW)
)
Package csquotes Info: Trying to load configuration file 'csquotes.cfg'...
Package csquotes Info: ... configuration file loaded successfully.
 (/usr/local/texlive/2021/texmf-dist/tex/latex/csquotes/csquotes.cfg
File: csquotes.cfg 
)) (/usr/local/texlive/2021/texmf-dist/tex/latex/listings/listings.sty
\lst@mode=\count267
\lst@gtempboxa=\box49
\lst@token=\toks18
\lst@length=\count268
\lst@currlwidth=\dimen164
\lst@column=\count269
\lst@pos=\count270
\lst@lostspace=\dimen165
\lst@width=\dimen166
\lst@newlines=\count271
\lst@lineno=\count272
\lst@maxwidth=\dimen167
 (/usr/local/texlive/2021/texmf-dist/tex/latex/listings/lstmisc.sty
File: lstmisc.sty 2020/03/24 1.8d (Carsten Heinz)
\c@lstnumber=\count273
\lst@skipnumbers=\count274
\lst@framebox=\box50
) (/usr/local/texlive/2021/texmf-dist/tex/latex/listings/listings.cfg
File: listings.cfg 2020/03/24 1.8d listings configuration
))
Package: listings 2020/03/24 1.8d (Carsten Heinz)
 (/usr/local/texlive/2021/texmf-dist/tex/latex/subfig/subfig.sty
Package: subfig 2005/06/28 ver: 1.3 subfig package
 (/usr/local/texlive/2021/texmf-dist/tex/latex/caption/caption3.sty
Package: caption3 2020/10/21 v2.2e caption3 kernel (AR)
\captionmargin=\dimen168
\captionmargin@=\dimen169
\captionwidth=\dimen170
\caption@tempdima=\dimen171
\caption@indent=\dimen172
\caption@parindent=\dimen173
\caption@hangindent=\dimen174
Package caption Info: Unknown document class (or package),
(caption)             standard defaults will be used.
Package caption Info: \@makecaption = \long macro:#1#2->\ifx \@captype \@IEEEtablestring \footnotesize \begin {center}{\normalfont \footnotesize #1}\\ {\normalfont \footnotesize \scshape #2}\end {center}\@IEEEtablecaptionsepspace \else \@IEEEfigurecaptionsepspace \setbox \@tempboxa \hbox {\normalfont \footnotesize {#1.}~~ #2}\ifdim \wd \@tempboxa >\hsize \setbox \@tempboxa \hbox {\normalfont \footnotesize {#1.}~~ }\parbox [t]{\hsize }{\normalfont \footnotesize \noindent \unhbox \@tempboxa #2}\else \hbox to\hsize {\normalfont \footnotesize \hfil \box \@tempboxa \hfil }\fi \fi  on input line 1139.
)
\c@KVtest=\count275
\sf@farskip=\skip50
\sf@captopadj=\dimen175
\sf@capskip=\skip51
\sf@nearskip=\skip52
\c@subfigure=\count276
\c@subfigure@save=\count277
\c@lofdepth=\count278
\c@subtable=\count279
\c@subtable@save=\count280
\c@lotdepth=\count281
\sf@top=\skip53
\sf@bottom=\skip54
) (/usr/local/texlive/2021/texmf-dist/tex/latex/adjustbox/adjustbox.sty
Package: adjustbox 2020/08/19 v1.3 Adjusting TeX boxes (trim, clip, ...)
 (/usr/local/texlive/2021/texmf-dist/tex/latex/xkeyval/xkeyval.sty
Package: xkeyval 2020/11/20 v2.8 package option processing (HA)
 (/usr/local/texlive/2021/texmf-dist/tex/generic/xkeyval/xkeyval.tex (/usr/local/texlive/2021/texmf-dist/tex/generic/xkeyval/xkvutils.tex
\XKV@toks=\toks19
\XKV@tempa@toks=\toks20
)
\XKV@depth=\count282
File: xkeyval.tex 2014/12/03 v2.7a key=value parser (HA)
)) (/usr/local/texlive/2021/texmf-dist/tex/latex/adjustbox/adjcalc.sty
Package: adjcalc 2012/05/16 v1.1 Provides advanced setlength with multiple back-ends (calc, etex, pgfmath)
) (/usr/local/texlive/2021/texmf-dist/tex/latex/adjustbox/trimclip.sty
Package: trimclip 2020/08/19 v1.2 Trim and clip general TeX material
 (/usr/local/texlive/2021/texmf-dist/tex/latex/collectbox/collectbox.sty
Package: collectbox 2012/05/17 v0.4b Collect macro arguments as boxes
\collectedbox=\box51
)
\tc@llx=\dimen176
\tc@lly=\dimen177
\tc@urx=\dimen178
\tc@ury=\dimen179
Package trimclip Info: Using driver 'tc-pdftex.def'.
 (/usr/local/texlive/2021/texmf-dist/tex/latex/adjustbox/tc-pdftex.def
File: tc-pdftex.def 2019/01/04 v2.2 Clipping driver for pdftex
))
\adjbox@Width=\dimen180
\adjbox@Height=\dimen181
\adjbox@Depth=\dimen182
\adjbox@Totalheight=\dimen183
\adjbox@pwidth=\dimen184
\adjbox@pheight=\dimen185
\adjbox@pdepth=\dimen186
\adjbox@ptotalheight=\dimen187
 (/usr/local/texlive/2021/texmf-dist/tex/latex/ifoddpage/ifoddpage.sty
Package: ifoddpage 2016/04/23 v1.1 Conditionals for odd/even page detection
\c@checkoddpage=\count283
) (/usr/local/texlive/2021/texmf-dist/tex/latex/varwidth/varwidth.sty
Package: varwidth 2009/03/30 ver 0.92;  Variable-width minipages
\@vwid@box=\box52
\sift@deathcycles=\count284
\@vwid@loff=\dimen188
\@vwid@roff=\dimen189
)) (/usr/local/texlive/2021/texmf-dist/tex/latex/tools/array.sty
Package: array 2020/10/01 v2.5c Tabular extension package (FMi)
\col@sep=\dimen190
\ar@mcellbox=\box53
\extrarowheight=\dimen191
\NC@list=\toks21
\extratabsurround=\skip55
\backup@length=\skip56
\ar@cellbox=\box54
)
Package csquotes Info: Checking for multilingual support...
Package csquotes Info: ... none found.
 (/usr/local/texlive/2021/texmf-dist/tex/latex/l3backend/l3backend-pdftex.def
File: l3backend-pdftex.def 2021-03-18 L3 backend support: PDF output (pdfTeX)
\l__color_backend_stack_int=\count285
\l__pdf_internal_box=\box55
) (/Users/yinnnyou/workspace/IdeaProjects/coen_6311_assignment1/doc/report2/output/main.aux)
\openout1 = `main.aux'.

LaTeX Font Info:    Checking defaults for OML/cmm/m/it on input line 43.
LaTeX Font Info:    ... okay on input line 43.
LaTeX Font Info:    Checking defaults for OMS/cmsy/m/n on input line 43.
LaTeX Font Info:    ... okay on input line 43.
LaTeX Font Info:    Checking defaults for OT1/cmr/m/n on input line 43.
LaTeX Font Info:    ... okay on input line 43.
LaTeX Font Info:    Checking defaults for T1/cmr/m/n on input line 43.
LaTeX Font Info:    ... okay on input line 43.
LaTeX Font Info:    Checking defaults for TS1/cmr/m/n on input line 43.
LaTeX Font Info:    ... okay on input line 43.
LaTeX Font Info:    Checking defaults for OMX/cmex/m/n on input line 43.
LaTeX Font Info:    ... okay on input line 43.
LaTeX Font Info:    Checking defaults for U/cmr/m/n on input line 43.
LaTeX Font Info:    ... okay on input line 43.

-- Lines per column: 56 (exact).
(/usr/local/texlive/2021/texmf-dist/tex/context/base/mkii/supp-pdf.mkii
[Loading MPS to PDF converter (version 2006.09.02).]
\scratchcounter=\count286
\scratchdimen=\dimen192
\scratchbox=\box56
\nofMPsegments=\count287
\nofMParguments=\count288
\everyMPshowfont=\toks22
\MPscratchCnt=\count289
\MPscratchDim=\dimen193
\MPnumerator=\count290
\makeMPintoPDFobject=\count291
\everyMPtoPDFconversion=\toks23
) (/usr/local/texlive/2021/texmf-dist/tex/latex/epstopdf-pkg/epstopdf-base.sty
Package: epstopdf-base 2020-01-24 v2.11 Base part for package epstopdf
Package epstopdf-base Info: Redefining graphics rule for `.eps' on input line 485.
 (/usr/local/texlive/2021/texmf-dist/tex/latex/latexconfig/epstopdf-sys.cfg
File: epstopdf-sys.cfg 2010/07/13 v1.3 Configuration of (r)epstopdf for TeX Live
))
\c@lstlisting=\count292
Package caption Info: Begin \AtBeginDocument code.
Package caption Info: subfig package v1.3 is loaded.
Package caption Info: End \AtBeginDocument code.
LaTeX Font Info:    External font `cmex10' loaded for size
(Font)              <7> on input line 63.
LaTeX Font Info:    External font `cmex10' loaded for size
(Font)              <5> on input line 63.
<./img/change-handling-process.png, id=1, 1743.51375pt x 1267.73625pt>
File: ./img/change-handling-process.png Graphic file (type png)
<use ./img/change-handling-process.png>
Package pdftex.def Info: ./img/change-handling-process.png  used on input line 87.
(pdftex.def)             Requested size: 464.39685pt x 337.67014pt.
<./img/sys-context-model.png, id=3, 1285.80376pt x 876.27374pt>
File: ./img/sys-context-model.png Graphic file (type png)
<use ./img/sys-context-model.png>
Package pdftex.def Info: ./img/sys-context-model.png  used on input line 116.
(pdftex.def)             Requested size: 361.19843pt x 246.15721pt.
LaTeX Font Info:    External font `cmex10' loaded for size
(Font)              <8> on input line 129.
LaTeX Font Info:    External font `cmex10' loaded for size
(Font)              <6> on input line 129.
<./img/sys-context-model-2.png, id=4, 831.105pt x 484.81125pt>
File: ./img/sys-context-model-2.png Graphic file (type png)
<use ./img/sys-context-model-2.png>
Package pdftex.def Info: ./img/sys-context-model-2.png  used on input line 134.
(pdftex.def)             Requested size: 232.19843pt x 135.45032pt.
<./img/state-diagram.png, id=5, 1842.885pt x 680.5425pt>
File: ./img/state-diagram.png Graphic file (type png)
<use ./img/state-diagram.png>
Package pdftex.def Info: ./img/state-diagram.png  used on input line 153.
(pdftex.def)             Requested size: 412.80157pt x 152.43008pt.
 [1{/usr/local/texlive/2021/texmf-var/fonts/map/pdftex/updmap/pdftex.map}


]

LaTeX Warning: Text page 2 contains only floats.


Underfull \vbox (badness 10000) has occurred while \output is active []



LaTeX Warning: Text page 2 contains only floats.


Underfull \vbox (badness 10000) has occurred while \output is active []

 [2 <./img/change-handling-process.png> <./img/sys-context-model.png>]
<./img/observer-subject-pattern.png, id=19, 3091.55pt x 449.68pt>
File: ./img/observer-subject-pattern.png Graphic file (type png)
<use ./img/observer-subject-pattern.png>
Package pdftex.def Info: ./img/observer-subject-pattern.png  used on input line 194.
(pdftex.def)             Requested size: 464.39685pt x 67.54515pt.
<./img/observer-impl.png, id=20, 712.6625pt x 570.13pt>
File: ./img/observer-impl.png Graphic file (type png)
<use ./img/observer-impl.png>
Package pdftex.def Info: ./img/observer-impl.png  used on input line 208.
(pdftex.def)             Requested size: 464.39685pt x 371.51965pt.
<./img/subject-impl.png, id=21, 725.71124pt x 759.83875pt>
File: ./img/subject-impl.png Graphic file (type png)
<use ./img/subject-impl.png>
Package pdftex.def Info: ./img/subject-impl.png  used on input line 215.
(pdftex.def)             Requested size: 464.39685pt x 486.24876pt.
<./img/messagesender.png, id=22, 512.91624pt x 673.51625pt>
File: ./img/messagesender.png Graphic file (type png)
<use ./img/messagesender.png>
Package pdftex.def Info: ./img/messagesender.png  used on input line 231.
(pdftex.def)             Requested size: 412.80157pt x 542.06126pt.
<./img/riskdetector.png, id=23, 538.01pt x 208.78pt>
File: ./img/riskdetector.png Graphic file (type png)
<use ./img/riskdetector.png>
Package pdftex.def Info: ./img/riskdetector.png  used on input line 238.
(pdftex.def)             Requested size: 412.80157pt x 160.19402pt.


** Conference Paper **
Before submitting the final camera ready copy, remember to:

 1. Manually equalize the lengths of two columns on the last page
 of your paper;

 2. Ensure that any PostScript and/or PDF output post-processing
 uses only Type 1 fonts and that every step in the generation
 process uses the appropriate paper size.

[3 <./img/sys-context-model-2.png>] [4 <./img/state-diagram.png> <./img/observer-subject-pattern.png>] [5 <./img/observer-impl.png>] [6 <./img/subject-impl.png>] [7 <./img/messagesender.png>] [8 <./img/riskdetector.png>] (/Users/yinnnyou/workspace/IdeaProjects/coen_6311_assignment1/doc/report2/output/main.aux) ) 
Here is how much of TeX's memory you used:
 6383 strings out of 478994
 106906 string characters out of 5858184
 425225 words of memory out of 5000000
 23815 multiletter control sequences out of 15000+600000
 436187 words of font info for 83 fonts, out of 8000000 for 9000
 1141 hyphenation exceptions out of 8191
 68i,8n,74p,319b,339s stack positions out of 5000i,500n,10000p,200000b,80000s
{/usr/local/texlive/2021/texmf-dist/fonts/enc/dvips/base/8r.enc}</usr/local/texlive/2021/texmf-dist/fonts/type1/urw/times/utmb8a.pfb></usr/local/texlive/2021/texmf-dist/fonts/type1/urw/times/utmr8a.pfb></usr/local/texlive/2021/texmf-dist/fonts/type1/urw/times/utmri8a.pfb>
Output written on /Users/yinnnyou/workspace/IdeaProjects/coen_6311_assignment1/doc/report2/output/main.pdf (8 pages, 1160086 bytes).
PDF statistics:
 63 PDF objects out of 1000 (max. 8388607)
 31 compressed objects within 1 object stream
 0 named destinations out of 1000 (max. 500000)
 46 words of extra memory for PDF output out of 10000 (max. 10000000)

